0	1652696133	Mon May 16 12:15:33 2022
1	1652696134	Mon May 16 12:15:34 2022
2	1652696135	Mon May 16 12:15:35 2022
3	1652696136	Mon May 16 12:15:36 2022
4	1652696137	Mon May 16 12:15:37 2022
5	1652696138	Mon May 16 12:15:38 2022
6	1652696139	Mon May 16 12:15:39 2022
7	1652696140	Mon May 16 12:15:40 2022
8	1652696141	Mon May 16 12:15:41 2022
9	1652696142	Mon May 16 12:15:42 2022
10	1652696142	Mon May 16 12:15:42 2022
11	1652696143	Mon May 16 12:15:43 2022
12	1652696143	Mon May 16 12:15:43 2022
13	1652696143	Mon May 16 12:15:43 2022
14	1652696143	Mon May 16 12:15:43 2022
15	1652696143	Mon May 16 12:15:43 2022
16	1652696144	Mon May 16 12:15:44 2022
17	1652696144	Mon May 16 12:15:44 2022
18	1652696144	Mon May 16 12:15:44 2022
19	1652696144	Mon May 16 12:15:44 2022
0	1652696676	Mon May 16 12:24:36 2022
1	1652696678	Mon May 16 12:24:38 2022
2	1652696679	Mon May 16 12:24:39 2022
3	1652696680	Mon May 16 12:24:40 2022
4	1652696685	Mon May 16 12:24:45 2022
5	1652696687	Mon May 16 12:24:47 2022
6	1652696695	Mon May 16 12:24:55 2022
7	1652696698	Mon May 16 12:24:58 2022
8	1652696700	Mon May 16 12:25:00 2022
0	1653136777	Sat May 21 14:39:37 2022
1	1653136782	Sat May 21 14:39:42 2022
2	1653136794	Sat May 21 14:39:54 2022
3	1653136796	Sat May 21 14:39:56 2022
4	1653136798	Sat May 21 14:39:58 2022
5	1653136808	Sat May 21 14:40:08 2022
6	1653136810	Sat May 21 14:40:10 2022
7	1653136811	Sat May 21 14:40:11 2022
0	1653137143	Sat May 21 14:45:43 2022
1	1653137161	Sat May 21 14:46:01 2022
2	1653137167	Sat May 21 14:46:07 2022
3	1653137168	Sat May 21 14:46:08 2022
4	1653137170	Sat May 21 14:46:10 2022
5	1653137173	Sat May 21 14:46:13 2022
6	1653137174	Sat May 21 14:46:14 2022
0	1653137350	Sat May 21 14:49:10 2022
1	1653137352	Sat May 21 14:49:12 2022
2	1653137370	Sat May 21 14:49:30 2022
3	1653137372	Sat May 21 14:49:32 2022
4	1653137372	Sat May 21 14:49:32 2022
5	1653137373	Sat May 21 14:49:33 2022
0	1653137531	Sat May 21 14:52:11 2022
1	1653137545	Sat May 21 14:52:25 2022
2	1653137549	Sat May 21 14:52:29 2022
3	1653137552	Sat May 21 14:52:32 2022
4	1653137554	Sat May 21 14:52:34 2022
